#
# There is insufficient memory for the Java Runtime Environment to continue.
# Native memory allocation (malloc) failed to allocate 1055216 bytes for Chunk::new
# Possible reasons:
#   The system is out of physical RAM or swap space
#   The process is running with CompressedOops enabled, and the Java Heap may be blocking the growth of the native heap
# Possible solutions:
#   Reduce memory load on the system
#   Increase physical memory or swap space
#   Check if swap backing store is full
#   Decrease Java heap size (-Xmx/-Xms)
#   Decrease number of Java threads
#   Decrease Java thread stack sizes (-Xss)
#   Set larger code cache with -XX:ReservedCodeCacheSize=
#   JVM is running with Zero Based Compressed Oops mode in which the Java heap is
#     placed in the first 32GB address space. The Java Heap base address is the
#     maximum limit for the native heap growth. Please use -XX:HeapBaseMinAddress
#     to set the Java Heap base and to place the Java Heap above 32GB virtual address.
# This output file may be truncated or incomplete.
#
#  Out of Memory Error (allocation.cpp:389), pid=32544, tid=0x0000000000007d00
#
# JRE version: Java(TM) SE Runtime Environment (8.0_202-b08) (build 1.8.0_202-b08)
# Java VM: Java HotSpot(TM) 64-Bit Server VM (25.202-b08 mixed mode windows-amd64 compressed oops)
# Failed to write core dump. Minidumps are not enabled by default on client versions of Windows
#

---------------  T H R E A D  ---------------

Current thread (0x00000000226a8000):  JavaThread "C2 CompilerThread0" daemon [_thread_in_native, id=32000, stack(0x0000000023bf0000,0x0000000023cf0000)]

Stack: [0x0000000023bf0000,0x0000000023cf0000]
[error occurred during error reporting (printing stack bounds), id 0xc0000005]

Native frames: (J=compiled Java code, j=interpreted, Vv=VM code, C=native code)


Current CompileTask:
C2:  59519 14011   !   4       lombok.core.AST::buildWithField0 (121 bytes)


---------------  P R O C E S S  ---------------

Java Threads: ( => current thread )
  0x0000000022746000 JavaThread "Service Thread" daemon [_thread_blocked, id=28504, stack(0x0000000023ff0000,0x00000000240f0000)]
  0x00000000226bb800 JavaThread "C1 CompilerThread3" daemon [_thread_blocked, id=33620, stack(0x0000000023ef0000,0x0000000023ff0000)]
  0x00000000226b5000 JavaThread "C2 CompilerThread2" daemon [_thread_in_native, id=33104, stack(0x0000000023df0000,0x0000000023ef0000)]
  0x00000000226ac000 JavaThread "C2 CompilerThread1" daemon [_thread_in_native, id=32948, stack(0x0000000023cf0000,0x0000000023df0000)]
=>0x00000000226a8000 JavaThread "C2 CompilerThread0" daemon [_thread_in_native, id=32000, stack(0x0000000023bf0000,0x0000000023cf0000)]
  0x000000002264e800 JavaThread "Attach Listener" daemon [_thread_blocked, id=29440, stack(0x0000000023af0000,0x0000000023bf0000)]
  0x00000000226a2800 JavaThread "Signal Dispatcher" daemon [_thread_blocked, id=29164, stack(0x00000000239f0000,0x0000000023af0000)]
  0x0000000020f72800 JavaThread "Finalizer" daemon [_thread_blocked, id=27012, stack(0x0000000023890000,0x0000000023990000)]
  0x0000000022633000 JavaThread "Reference Handler" daemon [_thread_blocked, id=24656, stack(0x0000000023790000,0x0000000023890000)]
  0x0000000002d72800 JavaThread "main" [_thread_in_Java, id=33180, stack(0x0000000002890000,0x0000000002990000)]

Other Threads:
  0x0000000020f67000 VMThread [stack: 0x0000000023690000,0x0000000023790000] [id=27192]
  0x00000000226f9000 WatcherThread [stack: 0x00000000240f0000,0x00000000241f0000] [id=1960]

VM state:not at safepoint (normal execution)

VM Mutex/Monitor currently owned by a thread: None

heap address: 0x0000000652c00000, size: 5844 MB, Compressed Oops mode: Zero based, Oop shift amount: 3
Narrow klass base: 0x0000000000000000, Narrow klass shift: 3
Compressed class space size: 1073741824 Address: 0x00000007c0000000

Heap:
 PSYoungGen      total 885248K, used 125595K [0x0000000746400000, 0x0000000781000000, 0x00000007c0000000)
  eden space 826880K, 8% used [0x0000000746400000,0x000000074a5a97a0,0x0000000778b80000)
  from space 58368K, 99% used [0x000000077ca80000,0x000000078037d7e0,0x0000000780380000)
  to   space 64512K, 0% used [0x0000000778b80000,0x0000000778b80000,0x000000077ca80000)
 ParOldGen       total 318976K, used 167584K [0x0000000652c00000, 0x0000000666380000, 0x0000000746400000)
  object space 318976K, 52% used [0x0000000652c00000,0x000000065cfa81e8,0x0000000666380000)
 Metaspace       used 49544K, capacity 52142K, committed 55000K, reserved 1097728K
  class space    used 5609K, capacity 6086K, committed 7040K, reserved 1048576K

Card table byte_map: [0x0000000012590000,0x0000000013100000] byte_map_base: 0x000000000f2fa000

Marking Bits: (ParMarkBitMap*) 0x000000005edd5ce0
 Begin Bits: [0x00000000142a0000, 0x0000000019df0000)
 End Bits:   [0x0000000019df0000, 0x000000001f940000)

Polling page: 0x00000000010a0000

CodeCache: size=245760Kb used=41121Kb max_used=42745Kb free=204638Kb
 bounds [0x00000000031d0000, 0x0000000005c50000, 0x00000000121d0000]
 total_blobs=9463 nmethods=9042 adapters=333
 compilation: enabled

Compilation events (10 events):
Event: 59.488 Thread 0x00000000226bb800 14034       3       lombok.javac.JavacASTAdapter::visitTypeUse (1 bytes)
Event: 59.488 Thread 0x00000000226bb800 nmethod 14034 0x00000000042d5190 code [0x00000000042d52e0, 0x00000000042d5430]
Event: 59.488 Thread 0x00000000226bb800 14036       3       lombok.core.LombokNode::up (26 bytes)
Event: 59.488 Thread 0x00000000226bb800 nmethod 14036 0x00000000042d4cd0 code [0x00000000042d4e40, 0x00000000042d5090]
Event: 59.489 Thread 0x00000000226bb800 14037       1       lombok.javac.JavacASTAdapter::visitMethod (1 bytes)
Event: 59.489 Thread 0x00000000226bb800 nmethod 14037 0x00000000042d4a10 code [0x00000000042d4b60, 0x00000000042d4c70]
Event: 59.489 Thread 0x00000000226bb800 14038       1       lombok.javac.JavacASTAdapter::endVisitMethod (1 bytes)
Event: 59.489 Thread 0x00000000226bb800 nmethod 14038 0x00000000042d4750 code [0x00000000042d48a0, 0x00000000042d49b0]
Event: 59.489 Thread 0x00000000226bb800 14041       3       lombok.javac.JavacASTAdapter::visitLocal (1 bytes)
Event: 59.489 Thread 0x00000000226bb800 nmethod 14041 0x00000000042d4410 code [0x00000000042d4560, 0x00000000042d46b0]

GC Heap History (10 events):
Event: 39.765 GC heap before
{Heap before GC invocations=17 (full 2):
 PSYoungGen      total 800768K, used 206240K [0x0000000746400000, 0x000000077aa00000, 0x00000007c0000000)
  eden space 748544K, 21% used [0x0000000746400000,0x0000000750097cf8,0x0000000773f00000)
  from space 52224K, 87% used [0x0000000777700000,0x000000077a3d0668,0x000000077aa00000)
  to   space 54784K, 0% used [0x0000000773f00000,0x0000000773f00000,0x0000000777480000)
 ParOldGen       total 318976K, used 159915K [0x0000000652c00000, 0x0000000666380000, 0x0000000746400000)
  object space 318976K, 50% used [0x0000000652c00000,0x000000065c82ae50,0x0000000666380000)
 Metaspace       used 56225K, capacity 59006K, committed 59096K, reserved 1101824K
  class space    used 6447K, capacity 7027K, committed 7040K, reserved 1048576K
Event: 39.775 GC heap after
Heap after GC invocations=17 (full 2):
 PSYoungGen      total 803328K, used 35702K [0x0000000746400000, 0x000000077aa00000, 0x00000007c0000000)
  eden space 748544K, 0% used [0x0000000746400000,0x0000000746400000,0x0000000773f00000)
  from space 54784K, 65% used [0x0000000773f00000,0x00000007761dd908,0x0000000777480000)
  to   space 52224K, 0% used [0x0000000777700000,0x0000000777700000,0x000000077aa00000)
 ParOldGen       total 318976K, used 159923K [0x0000000652c00000, 0x0000000666380000, 0x0000000746400000)
  object space 318976K, 50% used [0x0000000652c00000,0x000000065c82ce50,0x0000000666380000)
 Metaspace       used 56225K, capacity 59006K, committed 59096K, reserved 1101824K
  class space    used 6447K, capacity 7027K, committed 7040K, reserved 1048576K
}
Event: 39.775 GC heap before
{Heap before GC invocations=18 (full 3):
 PSYoungGen      total 803328K, used 35702K [0x0000000746400000, 0x000000077aa00000, 0x00000007c0000000)
  eden space 748544K, 0% used [0x0000000746400000,0x0000000746400000,0x0000000773f00000)
  from space 54784K, 65% used [0x0000000773f00000,0x00000007761dd908,0x0000000777480000)
  to   space 52224K, 0% used [0x0000000777700000,0x0000000777700000,0x000000077aa00000)
 ParOldGen       total 318976K, used 159923K [0x0000000652c00000, 0x0000000666380000, 0x0000000746400000)
  object space 318976K, 50% used [0x0000000652c00000,0x000000065c82ce50,0x0000000666380000)
 Metaspace       used 56225K, capacity 59006K, committed 59096K, reserved 1101824K
  class space    used 6447K, capacity 7027K, committed 7040K, reserved 1048576K
Event: 40.272 GC heap after
Heap after GC invocations=18 (full 3):
 PSYoungGen      total 803328K, used 0K [0x0000000746400000, 0x000000077aa00000, 0x00000007c0000000)
  eden space 748544K, 0% used [0x0000000746400000,0x0000000746400000,0x0000000773f00000)
  from space 54784K, 0% used [0x0000000773f00000,0x0000000773f00000,0x0000000777480000)
  to   space 52224K, 0% used [0x0000000777700000,0x0000000777700000,0x000000077aa00000)
 ParOldGen       total 318976K, used 166536K [0x0000000652c00000, 0x0000000666380000, 0x0000000746400000)
  object space 318976K, 52% used [0x0000000652c00000,0x000000065cea23d0,0x0000000666380000)
 Metaspace       used 29622K, capacity 30714K, committed 55000K, reserved 1097728K
  class space    used 3212K, capacity 3461K, committed 7040K, reserved 1048576K
}
Event: 46.394 GC heap before
{Heap before GC invocations=19 (full 3):
 PSYoungGen      total 803328K, used 748544K [0x0000000746400000, 0x000000077aa00000, 0x00000007c0000000)
  eden space 748544K, 100% used [0x0000000746400000,0x0000000773f00000,0x0000000773f00000)
  from space 54784K, 0% used [0x0000000773f00000,0x0000000773f00000,0x0000000777480000)
  to   space 52224K, 0% used [0x0000000777700000,0x0000000777700000,0x000000077aa00000)
 ParOldGen       total 318976K, used 166536K [0x0000000652c00000, 0x0000000666380000, 0x0000000746400000)
  object space 318976K, 52% used [0x0000000652c00000,0x000000065cea23d0,0x0000000666380000)
 Metaspace       used 36794K, capacity 38522K, committed 55000K, reserved 1097728K
  class space    used 4089K, capacity 4444K, committed 7040K, reserved 1048576K
Event: 46.409 GC heap after
Heap after GC invocations=19 (full 3):
 PSYoungGen      total 800768K, used 29253K [0x0000000746400000, 0x000000077aa00000, 0x00000007c0000000)
  eden space 748544K, 0% used [0x0000000746400000,0x0000000746400000,0x0000000773f00000)
  from space 52224K, 56% used [0x0000000777700000,0x0000000779391688,0x000000077aa00000)
  to   space 54784K, 0% used [0x0000000773f00000,0x0000000773f00000,0x0000000777480000)
 ParOldGen       total 318976K, used 166544K [0x0000000652c00000, 0x0000000666380000, 0x0000000746400000)
  object space 318976K, 52% used [0x0000000652c00000,0x000000065cea43d0,0x0000000666380000)
 Metaspace       used 36794K, capacity 38522K, committed 55000K, reserved 1097728K
  class space    used 4089K, capacity 4444K, committed 7040K, reserved 1048576K
}
Event: 52.284 GC heap before
{Heap before GC invocations=20 (full 3):
 PSYoungGen      total 800768K, used 777797K [0x0000000746400000, 0x000000077aa00000, 0x00000007c0000000)
  eden space 748544K, 100% used [0x0000000746400000,0x0000000773f00000,0x0000000773f00000)
  from space 52224K, 56% used [0x0000000777700000,0x0000000779391688,0x000000077aa00000)
  to   space 54784K, 0% used [0x0000000773f00000,0x0000000773f00000,0x0000000777480000)
 ParOldGen       total 318976K, used 166544K [0x0000000652c00000, 0x0000000666380000, 0x0000000746400000)
  object space 318976K, 52% used [0x0000000652c00000,0x000000065cea43d0,0x0000000666380000)
 Metaspace       used 42936K, capacity 45106K, committed 55000K, reserved 1097728K
  class space    used 4813K, capacity 5211K, committed 7040K, reserved 1048576K
Event: 52.309 GC heap after
Heap after GC invocations=20 (full 3):
 PSYoungGen      total 803328K, used 43962K [0x0000000746400000, 0x0000000780380000, 0x00000007c0000000)
  eden space 748544K, 0% used [0x0000000746400000,0x0000000746400000,0x0000000773f00000)
  from space 54784K, 80% used [0x0000000773f00000,0x00000007769ee858,0x0000000777480000)
  to   space 58368K, 0% used [0x000000077ca80000,0x000000077ca80000,0x0000000780380000)
 ParOldGen       total 318976K, used 166552K [0x0000000652c00000, 0x0000000666380000, 0x0000000746400000)
  object space 318976K, 52% used [0x0000000652c00000,0x000000065cea63d0,0x0000000666380000)
 Metaspace       used 42936K, capacity 45106K, committed 55000K, reserved 1097728K
  class space    used 4813K, capacity 5211K, committed 7040K, reserved 1048576K
}
Event: 58.676 GC heap before
{Heap before GC invocations=21 (full 3):
 PSYoungGen      total 803328K, used 792506K [0x0000000746400000, 0x0000000780380000, 0x00000007c0000000)
  eden space 748544K, 100% used [0x0000000746400000,0x0000000773f00000,0x0000000773f00000)
  from space 54784K, 80% used [0x0000000773f00000,0x00000007769ee858,0x0000000777480000)
  to   space 58368K, 0% used [0x000000077ca80000,0x000000077ca80000,0x0000000780380000)
 ParOldGen       total 318976K, used 166552K [0x0000000652c00000, 0x0000000666380000, 0x0000000746400000)
  object space 318976K, 52% used [0x0000000652c00000,0x000000065cea63d0,0x0000000666380000)
 Metaspace       used 48368K, capacity 50850K, committed 55000K, reserved 1097728K
  class space    used 5464K, capacity 5911K, committed 7040K, reserved 1048576K
Event: 58.723 GC heap after
Heap after GC invocations=21 (full 3):
 PSYoungGen      total 885248K, used 58357K [0x0000000746400000, 0x0000000781000000, 0x00000007c0000000)
  eden space 826880K, 0% used [0x0000000746400000,0x0000000746400000,0x0000000778b80000)
  from space 58368K, 99% used [0x000000077ca80000,0x000000078037d7e0,0x0000000780380000)
  to   space 64512K, 0% used [0x0000000778b80000,0x0000000778b80000,0x000000077ca80000)
 ParOldGen       total 318976K, used 167584K [0x0000000652c00000, 0x0000000666380000, 0x0000000746400000)
  object space 318976K, 52% used [0x0000000652c00000,0x000000065cfa81e8,0x0000000666380000)
 Metaspace       used 48368K, capacity 50850K, committed 55000K, reserved 1097728K
  class space    used 5464K, capacity 5911K, committed 7040K, reserved 1048576K
}

Deoptimization events (10 events):
Event: 56.736 Thread 0x0000000002d72800 Uncommon trap: reason=bimorphic action=maybe_recompile pc=0x00000000052c7b54 method=lombok.javac.JavacNode.traverse(Llombok/javac/JavacASTVisitor;)V @ 288
Event: 56.736 Thread 0x0000000002d72800 Uncommon trap: reason=bimorphic action=maybe_recompile pc=0x00000000052c7b6c method=lombok.javac.JavacNode.traverse(Llombok/javac/JavacASTVisitor;)V @ 715
Event: 56.736 Thread 0x0000000002d72800 Uncommon trap: reason=bimorphic action=maybe_recompile pc=0x00000000052c7b54 method=lombok.javac.JavacNode.traverse(Llombok/javac/JavacASTVisitor;)V @ 288
Event: 56.805 Thread 0x0000000002d72800 Uncommon trap: reason=bimorphic action=maybe_recompile pc=0x0000000004d51188 method=com.sun.tools.javac.code.Types.isSubtypeUncheckedInternal(Lcom/sun/tools/javac/code/Type;Lcom/sun/tools/javac/code/Type;Lcom/sun/tools/javac/util/Warner;)Z @ 37
Event: 56.805 Thread 0x0000000002d72800 Uncommon trap: reason=bimorphic action=maybe_recompile pc=0x0000000004d51188 method=com.sun.tools.javac.code.Types.isSubtypeUncheckedInternal(Lcom/sun/tools/javac/code/Type;Lcom/sun/tools/javac/code/Type;Lcom/sun/tools/javac/util/Warner;)Z @ 37
Event: 59.486 Thread 0x0000000002d72800 Uncommon trap: reason=bimorphic action=maybe_recompile pc=0x00000000050904fc method=lombok.javac.JavacNode.traverse(Llombok/javac/JavacASTVisitor;)V @ 73
Event: 59.487 Thread 0x0000000002d72800 Uncommon trap: reason=bimorphic action=maybe_recompile pc=0x00000000050904e4 method=lombok.javac.JavacNode.traverse(Llombok/javac/JavacASTVisitor;)V @ 113
Event: 59.487 Thread 0x0000000002d72800 Uncommon trap: reason=bimorphic action=maybe_recompile pc=0x000000000509054c method=lombok.javac.JavacNode.traverse(Llombok/javac/JavacASTVisitor;)V @ 193
Event: 59.487 Thread 0x0000000002d72800 Uncommon trap: reason=bimorphic action=maybe_recompile pc=0x0000000005090598 method=lombok.javac.JavacNode.traverse(Llombok/javac/JavacASTVisitor;)V @ 369
Event: 59.487 Thread 0x0000000002d72800 Uncommon trap: reason=bimorphic action=maybe_recompile pc=0x0000000005090598 method=lombok.javac.JavacNode.traverse(Llombok/javac/JavacASTVisitor;)V @ 369

Classes redefined (0 events):
No events

Internal exceptions (10 events):
Event: 57.597 Thread 0x0000000002d72800 Exception <a 'java/io/FileNotFoundException'> (0x000000076ba6dbd8) thrown at [C:\re\workspace\8-2-build-windows-amd64-cygwin\jdk8u202\12323\hotspot\src\share\vm\prims\jni.cpp, line 710]
Event: 57.597 Thread 0x0000000002d72800 Exception <a 'java/io/FileNotFoundException'> (0x000000076ba6e958) thrown at [C:\re\workspace\8-2-build-windows-amd64-cygwin\jdk8u202\12323\hotspot\src\share\vm\prims\jni.cpp, line 710]
Event: 57.598 Thread 0x0000000002d72800 Exception <a 'java/io/FileNotFoundException'> (0x000000076ba6f6d0) thrown at [C:\re\workspace\8-2-build-windows-amd64-cygwin\jdk8u202\12323\hotspot\src\share\vm\prims\jni.cpp, line 710]
Event: 57.598 Thread 0x0000000002d72800 Exception <a 'java/io/FileNotFoundException'> (0x000000076ba70470) thrown at [C:\re\workspace\8-2-build-windows-amd64-cygwin\jdk8u202\12323\hotspot\src\share\vm\prims\jni.cpp, line 710]
Event: 57.612 Thread 0x0000000002d72800 Exception <a 'java/io/FileNotFoundException'> (0x000000076ba86f90) thrown at [C:\re\workspace\8-2-build-windows-amd64-cygwin\jdk8u202\12323\hotspot\src\share\vm\prims\jni.cpp, line 710]
Event: 57.613 Thread 0x0000000002d72800 Exception <a 'java/io/FileNotFoundException'> (0x000000076ba87c98) thrown at [C:\re\workspace\8-2-build-windows-amd64-cygwin\jdk8u202\12323\hotspot\src\share\vm\prims\jni.cpp, line 710]
Event: 57.613 Thread 0x0000000002d72800 Exception <a 'java/io/FileNotFoundException'> (0x000000076ba889d0) thrown at [C:\re\workspace\8-2-build-windows-amd64-cygwin\jdk8u202\12323\hotspot\src\share\vm\prims\jni.cpp, line 710]
Event: 57.613 Thread 0x0000000002d72800 Exception <a 'java/io/FileNotFoundException'> (0x000000076ba89718) thrown at [C:\re\workspace\8-2-build-windows-amd64-cygwin\jdk8u202\12323\hotspot\src\share\vm\prims\jni.cpp, line 710]
Event: 58.748 Thread 0x0000000002d72800 Exception <a 'java/io/FileNotFoundException'> (0x00000007464d0660) thrown at [C:\re\workspace\8-2-build-windows-amd64-cygwin\jdk8u202\12323\hotspot\src\share\vm\prims\jni.cpp, line 710]
Event: 58.749 Thread 0x0000000002d72800 Exception <a 'java/io/FileNotFoundException'> (0x00000007464d1f80) thrown at [C:\re\workspace\8-2-build-windows-amd64-cygwin\jdk8u202\12323\hotspot\src\share\vm\prims\jni.cpp, line 710]

Events (10 events):
Event: 59.487 Thread 0x0000000002d72800 DEOPT UNPACKING pc=0x000000000321583b sp=0x000000000298d290 mode 2
Event: 59.487 Thread 0x0000000002d72800 Uncommon trap: trap_request=0xffffffc6 fr.pc=0x000000000509054c
Event: 59.487 Thread 0x0000000002d72800 DEOPT PACKING pc=0x000000000509054c sp=0x000000000298d220
Event: 59.487 Thread 0x0000000002d72800 DEOPT UNPACKING pc=0x000000000321583b sp=0x000000000298d1b0 mode 2
Event: 59.487 Thread 0x0000000002d72800 Uncommon trap: trap_request=0xffffffc6 fr.pc=0x0000000005090598
Event: 59.487 Thread 0x0000000002d72800 DEOPT PACKING pc=0x0000000005090598 sp=0x000000000298d140
Event: 59.487 Thread 0x0000000002d72800 DEOPT UNPACKING pc=0x000000000321583b sp=0x000000000298d0d0 mode 2
Event: 59.487 Thread 0x0000000002d72800 Uncommon trap: trap_request=0xffffffc6 fr.pc=0x0000000005090598
Event: 59.487 Thread 0x0000000002d72800 DEOPT PACKING pc=0x0000000005090598 sp=0x000000000298d060
Event: 59.487 Thread 0x0000000002d72800 DEOPT UNPACKING pc=0x000000000321583b sp=0x000000000298cff0 mode 2


Dynamic libraries:
0x00007ff67bdf0000 - 0x00007ff67be27000 	C:\Program Files\Java\jdk1.8.0_202\bin\java.exe
0x00007ff8a32b0000 - 0x00007ff8a34a8000 	C:\Windows\SYSTEM32\ntdll.dll
0x00007ff8a1730000 - 0x00007ff8a17ef000 	C:\Windows\System32\KERNEL32.DLL
0x00007ff8a0a30000 - 0x00007ff8a0d26000 	C:\Windows\System32\KERNELBASE.dll
0x00007ff882860000 - 0x00007ff882884000 	C:\Windows\System32\ghijt64win10.dll
0x00007ff8a2800000 - 0x00007ff8a28af000 	C:\Windows\System32\ADVAPI32.dll
0x00007ff8a28e0000 - 0x00007ff8a297e000 	C:\Windows\System32\msvcrt.dll
0x00007ff8a14c0000 - 0x00007ff8a155c000 	C:\Windows\System32\sechost.dll
0x00007ff8a1870000 - 0x00007ff8a1996000 	C:\Windows\System32\RPCRT4.dll
0x00007ff8a1590000 - 0x00007ff8a172d000 	C:\Windows\System32\USER32.dll
0x00007ff8a0a00000 - 0x00007ff8a0a22000 	C:\Windows\System32\win32u.dll
0x00007ff8a28b0000 - 0x00007ff8a28dc000 	C:\Windows\System32\GDI32.dll
0x00007ff8a1160000 - 0x00007ff8a1275000 	C:\Windows\System32\gdi32full.dll
0x00007ff8a10c0000 - 0x00007ff8a115d000 	C:\Windows\System32\msvcp_win.dll
0x00007ff8a0e30000 - 0x00007ff8a0f30000 	C:\Windows\System32\ucrtbase.dll
0x00007ff894830000 - 0x00007ff894aca000 	C:\Windows\WinSxS\amd64_microsoft.windows.common-controls_6595b64144ccf1df_6.0.19041.1110_none_60b5254171f9507e\COMCTL32.dll
0x00007ff8a1560000 - 0x00007ff8a1590000 	C:\Windows\System32\IMM32.DLL
0x00007ff88b460000 - 0x00007ff88b4d2000 	C:\Windows\LVUAAgentInstBaseRoot\system32\Vozokopot.dll
0x0000000062850000 - 0x0000000062922000 	C:\Program Files\Java\jdk1.8.0_202\jre\bin\msvcr100.dll
0x000000005e5b0000 - 0x000000005ee55000 	C:\Program Files\Java\jdk1.8.0_202\jre\bin\server\jvm.dll
0x00007ff8a1a30000 - 0x00007ff8a1a38000 	C:\Windows\System32\PSAPI.DLL
0x00007ff888350000 - 0x00007ff888359000 	C:\Windows\SYSTEM32\WSOCK32.dll
0x00007ff895a80000 - 0x00007ff895aa7000 	C:\Windows\SYSTEM32\WINMM.dll
0x00007ff895ab0000 - 0x00007ff895aba000 	C:\Windows\SYSTEM32\VERSION.dll
0x00007ff8a2980000 - 0x00007ff8a29eb000 	C:\Windows\System32\WS2_32.dll
0x00007ff89db50000 - 0x00007ff89db5f000 	C:\Program Files\Java\jdk1.8.0_202\jre\bin\verify.dll
0x00007ff89db20000 - 0x00007ff89db49000 	C:\Program Files\Java\jdk1.8.0_202\jre\bin\java.dll
0x00007ff888820000 - 0x00007ff888be1000 	C:\Windows\LVUAAgentInstBaseRoot\system32\MozartBreathCore.dll
0x00007ff8a13e0000 - 0x00007ff8a14ba000 	C:\Windows\System32\COMDLG32.dll
0x00007ff8a1a40000 - 0x00007ff8a1d94000 	C:\Windows\System32\combase.dll
0x00007ff8a26a0000 - 0x00007ff8a274d000 	C:\Windows\System32\shcore.dll
0x00007ff8a1380000 - 0x00007ff8a13d5000 	C:\Windows\System32\SHLWAPI.dll
0x00007ff8a2b20000 - 0x00007ff8a3264000 	C:\Windows\System32\SHELL32.dll
0x00007ff89fd50000 - 0x00007ff89fd8c000 	C:\Windows\SYSTEM32\IPHLPAPI.DLL
0x00007ff88bcc0000 - 0x00007ff88bff6000 	C:\Windows\SYSTEM32\msi.dll
0x00007ff89dc60000 - 0x00007ff89dc74000 	C:\Windows\SYSTEM32\WTSAPI32.dll
0x00007ff8a29f0000 - 0x00007ff8a2b1a000 	C:\Windows\System32\ole32.dll
0x00007ff8a1da0000 - 0x00007ff8a1e6d000 	C:\Windows\System32\OLEAUT32.dll
0x00007ff88c920000 - 0x00007ff88c93d000 	C:\Windows\SYSTEM32\MPR.dll
0x00007ff89fd90000 - 0x00007ff89fe5a000 	C:\Windows\SYSTEM32\DNSAPI.dll
0x00007ff88af40000 - 0x00007ff88afdd000 	C:\Windows\SYSTEM32\WINSPOOL.DRV
0x00007ff8a0f30000 - 0x00007ff8a0f57000 	C:\Windows\System32\bcrypt.dll
0x00007ff8a1370000 - 0x00007ff8a1378000 	C:\Windows\System32\NSI.dll
0x00007ff89db00000 - 0x00007ff89db16000 	C:\Program Files\Java\jdk1.8.0_202\jre\bin\zip.dll
0x00007ff888320000 - 0x00007ff88834f000 	C:\Windows\LVUAAgentInstBaseRoot\system32\MozartBreathOM.dll
0x00007ff888270000 - 0x00007ff888277000 	C:\Windows\SYSTEM32\MSIMG32.dll
0x00007ff8881c0000 - 0x00007ff888217000 	C:\Windows\LVUAAgentInstBaseRoot\system32\MozartBreathWeb.dll
0x00007ff888060000 - 0x00007ff88808e000 	C:\Windows\LVUAAgentInstBaseRoot\system32\MozartBreathFw.dll
0x00007ff887fd0000 - 0x00007ff88803f000 	C:\Windows\LVUAAgentInstBaseRoot\system32\MozartBreathFile.dll
0x00007ff887ea0000 - 0x00007ff887fcd000 	C:\Windows\LVUAAgentInstBaseRoot\system32\MozartBreathProcess.dll
0x00007ff887da0000 - 0x00007ff887dee000 	C:\Windows\LVUAAgentInstBaseRoot\system32\MozartBreathBolo2.dll
0x00007ff887c00000 - 0x00007ff887c2d000 	C:\Windows\LVUAAgentInstBaseRoot\system32\MozartBreathProtect.dll
0x00007ff887bc0000 - 0x00007ff887bfb000 	C:\Windows\LVUAAgentInstBaseRoot\system32\MozartBreathSoft.dll
0x00007ff89e570000 - 0x00007ff89ed03000 	C:\Windows\SYSTEM32\windows.storage.dll
0x00007ff8a0300000 - 0x00007ff8a032e000 	C:\Windows\System32\Wldp.dll
0x00007ff8a08d0000 - 0x00007ff8a08ef000 	C:\Windows\SYSTEM32\profapi.dll
0x00007ff89daf0000 - 0x00007ff89dafa000 	D:\install\apache-maven-3.6.1-bin\apache-maven-3.6.1\lib\jansi-native\windows64\jansi.dll
0x00007ff89dad0000 - 0x00007ff89daea000 	C:\Program Files\Java\jdk1.8.0_202\jre\bin\net.dll
0x00007ff894ad0000 - 0x00007ff894cbc000 	C:\Windows\SYSTEM32\urlmon.dll
0x00007ff89f5f0000 - 0x00007ff89f618000 	C:\Windows\SYSTEM32\srvcli.dll
0x00007ff894cc0000 - 0x00007ff894f71000 	C:\Windows\SYSTEM32\iertutil.dll
0x00007ff89fe60000 - 0x00007ff89fe6c000 	C:\Windows\SYSTEM32\netutils.dll
0x00007ff8a0060000 - 0x00007ff8a00ca000 	C:\Windows\system32\mswsock.dll
0x00007ff89b0b0000 - 0x00007ff89b0c2000 	C:\Program Files\Java\jdk1.8.0_202\jre\bin\nio.dll

VM Arguments:
jvm_args: -Dclassworlds.conf=D:\install\apache-maven-3.6.1-bin\apache-maven-3.6.1\bin\..\bin\m2.conf -Dmaven.home=D:\install\apache-maven-3.6.1-bin\apache-maven-3.6.1\bin\.. -Dlibrary.jansi.path=D:\install\apache-maven-3.6.1-bin\apache-maven-3.6.1\bin\..\lib\jansi-native -Dmaven.multiModuleProjectDirectory=D:\opt\soft\datavines3 
java_command: org.codehaus.plexus.classworlds.launcher.Launcher clean package -Prelease -DskipTests
java_class_path (initial): D:\install\apache-maven-3.6.1-bin\apache-maven-3.6.1\bin\..\boot\plexus-classworlds-2.6.0.jar
Launcher Type: SUN_STANDARD

Environment Variables:
JAVA_HOME=C:\Program Files\Java\jdk1.8.0_202\
PATH=D:\Program Files\go\go1.15.15\bin;D:\Program Files\go\go1.15.15\bin;D:\Program Files\Python38\Scripts\;D:\Program Files\Python38\;C:\Windows\system32;C:\Windows;C:\Windows\System32\Wbem;C:\Windows\System32\WindowsPowerShell\v1.0\;C:\Windows\System32\OpenSSH\;C:\Program Files\Java\jdk1.8.0_202\\bin;C:\Program Files\Git\cmd;D:\install\apache-maven-3.6.1-bin\apache-maven-3.6.1\bin;D:\Program Files\nodejs\;D:\install\apache-jmeter-5.6\bin;C:\Program Files\MySQL\MySQL Shell 8.0\bin\;C:\Users\sunchaohe\AppData\Local\Microsoft\WindowsApps;;D:\Program Files\JetBrains\IntelliJ IDEA 2023.2.2\bin;;D:\lls\sunchaohe\AppData\Roaming\npm;D:\Program Files\Microsoft VS Code\bin
USERNAME=sunchaohe
OS=Windows_NT
PROCESSOR_IDENTIFIER=AMD64 Family 25 Model 80 Stepping 0, AuthenticAMD



---------------  S Y S T E M  ---------------

OS: Windows 10.0 , 64 bit Build 19041 (10.0.19041.3031)

CPU:total 12 (initial active 12) (12 cores per cpu, 1 threads per core) family 25 model 80 stepping 0, cmov, cx8, fxsr, mmx, sse, sse2, sse3, ssse3, sse4.1, sse4.2, popcnt, avx, avx2, aes, clmul, erms, mmxext, 3dnowpref, lzcnt, sse4a, tsc, tscinvbit, tscinv, bmi1

Memory: 4k page, physical 23935416k(5783440k free), swap 23935416k(5700k free)

vm_info: Java HotSpot(TM) 64-Bit Server VM (25.202-b08) for windows-amd64 JRE (1.8.0_202-b08), built on Dec 15 2018 19:54:30 by "java_re" with MS VC++ 10.0 (VS2010)

time: Sun Jun 02 14:27:59 2024
timezone: 中国标准时间
elapsed time: 59 seconds (0d 0h 0m 59s)

