#
# There is insufficient memory for the Java Runtime Environment to continue.
# Native memory allocation (mmap) failed to map 383778816 bytes for Failed to commit area from 0x0000000692c00000 to 0x00000006a9a00000 of length 383778816.
# Possible reasons:
#   The system is out of physical RAM or swap space
#   The process is running with CompressedOops enabled, and the Java Heap may be blocking the growth of the native heap
# Possible solutions:
#   Reduce memory load on the system
#   Increase physical memory or swap space
#   Check if swap backing store is full
#   Decrease Java heap size (-Xmx/-Xms)
#   Decrease number of Java threads
#   Decrease Java thread stack sizes (-Xss)
#   Set larger code cache with -XX:ReservedCodeCacheSize=
# This output file may be truncated or incomplete.
#
#  Out of Memory Error (os_windows.cpp:3386), pid=42528, tid=42212
#
# JRE version:  (11.0.20+8) (build )
# Java VM: OpenJDK 64-Bit Server VM (11.0.20+8-LTS, mixed mode, sharing, tiered, compressed oops, g1 gc, windows-amd64)
# No core dump will be written. Minidumps are not enabled by default on client versions of Windows
#

---------------  S U M M A R Y ------------

Command Line: -Dvisualvm.id=160723409110400 -XX:TieredStopAtLevel=1 -Xverify:none -Dspring.profiles.active=mysql -Dspring.output.ansi.enabled=always -Dcom.sun.management.jmxremote -Dspring.jmx.enabled=true -Dspring.liveBeansView.mbeanDomain -Dspring.application.admin.enabled=true -Dmanagement.endpoints.jmx.exposure.include=* -javaagent:D:\Program Files\JetBrains\IntelliJ IDEA 2023.2.2\lib\idea_rt.jar=59348:D:\Program Files\JetBrains\IntelliJ IDEA 2023.2.2\bin -Dfile.encoding=UTF-8 io.datavines.server.DataVinesServer

Host: AMD Ryzen 5 5600U with Radeon Graphics         , 12 cores, 22G,  Windows 10 , 64 bit Build 19041 (10.0.19041.3031)
Time: Sun May 26 10:49:00 2024  Windows 10 , 64 bit Build 19041 (10.0.19041.3031) elapsed time: 0.048790 seconds (0d 0h 0m 0s)

---------------  T H R E A D  ---------------

Current thread (0x0000014b7fe38800):  JavaThread "Unknown thread" [_thread_in_vm, id=42212, stack(0x0000003e4f900000,0x0000003e4fa00000)]

Stack: [0x0000003e4f900000,0x0000003e4fa00000]
Native frames: (J=compiled Java code, j=interpreted, Vv=VM code, C=native code)
V  [jvm.dll+0x62d20a]
V  [jvm.dll+0x7bbc59]
V  [jvm.dll+0x7bd348]
V  [jvm.dll+0x7bda23]
V  [jvm.dll+0x253798]
V  [jvm.dll+0x62a50a]
V  [jvm.dll+0x61eac5]
V  [jvm.dll+0x30ee4c]
V  [jvm.dll+0x30ecd2]
V  [jvm.dll+0x3139e6]
V  [jvm.dll+0x35b59f]
V  [jvm.dll+0x35afd0]
V  [jvm.dll+0x2eb598]
V  [jvm.dll+0x2ec6f6]
V  [jvm.dll+0x795bd7]
V  [jvm.dll+0x797361]
V  [jvm.dll+0x3683e9]
V  [jvm.dll+0x778930]
V  [jvm.dll+0x3da09f]
V  [jvm.dll+0x3dc431]
C  [jli.dll+0x5227]
C  [ucrtbase.dll+0x21bb2]
C  [KERNEL32.DLL+0x17614]
C  [ntdll.dll+0x526f1]


---------------  P R O C E S S  ---------------

Threads class SMR info:
_java_thread_list=0x0000014b7df22690, length=0, elements={
}

Java Threads: ( => current thread )

Other Threads:
  0x0000014b08784000 GCTaskThread "GC Thread#0" [stack: 0x0000003e4fa00000,0x0000003e4fb00000] [id=42616]
  0x0000014b087f6800 ConcurrentGCThread "G1 Main Marker" [stack: 0x0000003e4fb00000,0x0000003e4fc00000] [id=41024]
  0x0000014b087f7800 ConcurrentGCThread "G1 Conc#0" [stack: 0x0000003e4fc00000,0x0000003e4fd00000] [id=41500]

[error occurred during error reporting (printing all threads), id 0xc0000005, EXCEPTION_ACCESS_VIOLATION (0xc0000005) at pc=0x00007ffea037b437]

VM state:not at safepoint (not fully initialized)

VM Mutex/Monitor currently owned by a thread:  ([mutex/lock_event])
[0x0000014b7fe36f70] Heap_lock - owner thread: 0x0000014b7fe38800

Heap address: 0x0000000692c00000, size: 5844 MB, Compressed Oops mode: Non-zero based: 0x0000000692c00000
Narrow klass base: 0x0000000000000000, Narrow klass shift: 0

GC Heap History (0 events):
No events

Deoptimization events (0 events):
No events

Classes redefined (0 events):
No events

Internal exceptions (0 events):
No events

Events (1 events):
Event: 0.040 Loaded shared library C:\Users\sunchaohe\.jdks\azul-11.0.20\bin\zip.dll


Dynamic libraries:
0x00007ff6c70b0000 - 0x00007ff6c70bd000 	C:\Users\sunchaohe\.jdks\azul-11.0.20\bin\java.exe
0x00007ffef45b0000 - 0x00007ffef47a8000 	C:\Windows\SYSTEM32\ntdll.dll
0x00007ffef36b0000 - 0x00007ffef376f000 	C:\Windows\System32\KERNEL32.DLL
0x00007ffef1c90000 - 0x00007ffef1f86000 	C:\Windows\System32\KERNELBASE.dll
0x00007ffeebb00000 - 0x00007ffeebb24000 	C:\Windows\System32\ghijt64win10.dll
0x00007ffef2610000 - 0x00007ffef26bf000 	C:\Windows\System32\ADVAPI32.dll
0x00007ffef3db0000 - 0x00007ffef3e4e000 	C:\Windows\System32\msvcrt.dll
0x00007ffef44d0000 - 0x00007ffef456c000 	C:\Windows\System32\sechost.dll
0x00007ffef38e0000 - 0x00007ffef3a06000 	C:\Windows\System32\RPCRT4.dll
0x00007ffef24a0000 - 0x00007ffef25a0000 	C:\Windows\System32\ucrtbase.dll
0x00007ffed1800000 - 0x00007ffed1817000 	C:\Users\sunchaohe\.jdks\azul-11.0.20\bin\jli.dll
0x00007ffeea9d0000 - 0x00007ffeea9e5000 	C:\Users\sunchaohe\.jdks\azul-11.0.20\bin\VCRUNTIME140.dll
0x00007ffef3450000 - 0x00007ffef35ed000 	C:\Windows\System32\USER32.dll
0x00007ffef2090000 - 0x00007ffef20b2000 	C:\Windows\System32\win32u.dll
0x00007ffef3eb0000 - 0x00007ffef3edc000 	C:\Windows\System32\GDI32.dll
0x00007ffef2220000 - 0x00007ffef2335000 	C:\Windows\System32\gdi32full.dll
0x00007ffef2370000 - 0x00007ffef240d000 	C:\Windows\System32\msvcp_win.dll
0x00007ffee1150000 - 0x00007ffee13ea000 	C:\Windows\WinSxS\amd64_microsoft.windows.common-controls_6595b64144ccf1df_6.0.19041.1110_none_60b5254171f9507e\COMCTL32.dll
0x00007ffef38b0000 - 0x00007ffef38e0000 	C:\Windows\System32\IMM32.DLL
0x00007ffedd4b0000 - 0x00007ffedd522000 	C:\Windows\LVUAAgentInstBaseRoot\system32\Vozokopot.dll
0x00007ffecc590000 - 0x00007ffecc62b000 	C:\Users\sunchaohe\.jdks\azul-11.0.20\bin\msvcp140.dll
0x00007ffea0080000 - 0x00007ffea0c17000 	C:\Users\sunchaohe\.jdks\azul-11.0.20\bin\server\jvm.dll
0x00007ffef35f0000 - 0x00007ffef35f8000 	C:\Windows\System32\PSAPI.DLL
0x00007ffee7100000 - 0x00007ffee7127000 	C:\Windows\SYSTEM32\WINMM.dll
0x00007ffeda140000 - 0x00007ffeda149000 	C:\Windows\SYSTEM32\WSOCK32.dll
0x00007ffee96e0000 - 0x00007ffee96ea000 	C:\Windows\SYSTEM32\VERSION.dll
0x00007ffef3770000 - 0x00007ffef37db000 	C:\Windows\System32\WS2_32.dll
0x00007ffef0680000 - 0x00007ffef0692000 	C:\Windows\SYSTEM32\kernel.appcore.dll
0x00007ffeda5d0000 - 0x00007ffeda991000 	C:\Windows\LVUAAgentInstBaseRoot\system32\MozartBreathCore.dll
0x00007ffef3af0000 - 0x00007ffef3bca000 	C:\Windows\System32\COMDLG32.dll
0x00007ffef2720000 - 0x00007ffef2a74000 	C:\Windows\System32\combase.dll
0x00007ffef3800000 - 0x00007ffef38ad000 	C:\Windows\System32\shcore.dll
0x00007ffef3e50000 - 0x00007ffef3ea5000 	C:\Windows\System32\SHLWAPI.dll
0x00007ffef1050000 - 0x00007ffef108c000 	C:\Windows\SYSTEM32\IPHLPAPI.DLL
0x00007ffef2a80000 - 0x00007ffef31c4000 	C:\Windows\System32\SHELL32.dll
0x00007ffeeef70000 - 0x00007ffeeef84000 	C:\Windows\SYSTEM32\WTSAPI32.dll
0x00007ffeddd10000 - 0x00007ffede046000 	C:\Windows\SYSTEM32\msi.dll
0x00007ffef3bd0000 - 0x00007ffef3cfa000 	C:\Windows\System32\ole32.dll
0x00007ffef3380000 - 0x00007ffef344d000 	C:\Windows\System32\OLEAUT32.dll
0x00007ffef1090000 - 0x00007ffef115a000 	C:\Windows\SYSTEM32\DNSAPI.dll
0x00007ffede1f0000 - 0x00007ffede20d000 	C:\Windows\SYSTEM32\MPR.dll
0x00007ffef2340000 - 0x00007ffef2367000 	C:\Windows\System32\bcrypt.dll
0x00007ffedcf70000 - 0x00007ffedd00d000 	C:\Windows\SYSTEM32\WINSPOOL.DRV
0x00007ffef37e0000 - 0x00007ffef37e8000 	C:\Windows\System32\NSI.dll
0x00007ffed73a0000 - 0x00007ffed73b0000 	C:\Users\sunchaohe\.jdks\azul-11.0.20\bin\verify.dll
0x00007ffeda110000 - 0x00007ffeda13f000 	C:\Windows\LVUAAgentInstBaseRoot\system32\MozartBreathOM.dll
0x00007ffeda050000 - 0x00007ffeda057000 	C:\Windows\SYSTEM32\MSIMG32.dll
0x00007ffef00e0000 - 0x00007ffef02c4000 	C:\Windows\SYSTEM32\DBGHELP.DLL
0x00007ffed9e80000 - 0x00007ffed9ed7000 	C:\Windows\LVUAAgentInstBaseRoot\system32\MozartBreathWeb.dll
0x00007ffeddb20000 - 0x00007ffeddb54000 	C:\Windows\SYSTEM32\dbgcore.DLL
0x00007ffed9e50000 - 0x00007ffed9e7e000 	C:\Windows\LVUAAgentInstBaseRoot\system32\MozartBreathFw.dll
0x00007ffef2410000 - 0x00007ffef2492000 	C:\Windows\System32\bcryptPrimitives.dll
0x00007ffed9de0000 - 0x00007ffed9e4f000 	C:\Windows\LVUAAgentInstBaseRoot\system32\MozartBreathFile.dll
0x00007ffed0010000 - 0x00007ffed0038000 	C:\Users\sunchaohe\.jdks\azul-11.0.20\bin\java.dll
0x00007ffed97d0000 - 0x00007ffed98fd000 	C:\Windows\LVUAAgentInstBaseRoot\system32\MozartBreathProcess.dll
0x00007ffed4770000 - 0x00007ffed477a000 	C:\Users\sunchaohe\.jdks\azul-11.0.20\bin\jimage.dll
0x00007ffed9780000 - 0x00007ffed97ce000 	C:\Windows\LVUAAgentInstBaseRoot\system32\MozartBreathBolo2.dll
0x00007ffed9750000 - 0x00007ffed977d000 	C:\Windows\LVUAAgentInstBaseRoot\system32\MozartBreathProtect.dll
0x00007ffed9710000 - 0x00007ffed974b000 	C:\Windows\LVUAAgentInstBaseRoot\system32\MozartBreathSoft.dll
0x00007ffed2620000 - 0x00007ffed262e000 	C:\Users\sunchaohe\.jdks\azul-11.0.20\bin\instrument.dll
0x00007ffed12a0000 - 0x00007ffed12b8000 	C:\Users\sunchaohe\.jdks\azul-11.0.20\bin\zip.dll

dbghelp: loaded successfully - version: 4.0.5 - missing functions: none
symbol engine: initialized successfully - sym options: 0x614 - pdb path: .;C:\Users\sunchaohe\.jdks\azul-11.0.20\bin;C:\Windows\SYSTEM32;C:\Windows\WinSxS\amd64_microsoft.windows.common-controls_6595b64144ccf1df_6.0.19041.1110_none_60b5254171f9507e;C:\Windows\LVUAAgentInstBaseRoot\system32;C:\Users\sunchaohe\.jdks\azul-11.0.20\bin\server

VM Arguments:
jvm_args: -Dvisualvm.id=160723409110400 -XX:TieredStopAtLevel=1 -Xverify:none -Dspring.profiles.active=mysql -Dspring.output.ansi.enabled=always -Dcom.sun.management.jmxremote -Dspring.jmx.enabled=true -Dspring.liveBeansView.mbeanDomain -Dspring.application.admin.enabled=true -Dmanagement.endpoints.jmx.exposure.include=* -javaagent:D:\Program Files\JetBrains\IntelliJ IDEA 2023.2.2\lib\idea_rt.jar=59348:D:\Program Files\JetBrains\IntelliJ IDEA 2023.2.2\bin -Dfile.encoding=UTF-8 
java_command: io.datavines.server.DataVinesServer
java_class_path (initial): D:\opt\soft\datavines3\datavines-server\target\classes;D:\data\.m2\repository\org\springframework\boot\spring-boot-starter-web\2.6.1\spring-boot-starter-web-2.6.1.jar;D:\data\.m2\repository\org\springframework\boot\spring-boot-starter-json\2.6.1\spring-boot-starter-json-2.6.1.jar;D:\data\.m2\repository\com\fasterxml\jackson\module\jackson-module-parameter-names\2.13.0\jackson-module-parameter-names-2.13.0.jar;D:\data\.m2\repository\org\springframework\spring-web\5.3.12\spring-web-5.3.12.jar;D:\data\.m2\repository\org\springframework\spring-webmvc\5.3.13\spring-webmvc-5.3.13.jar;D:\data\.m2\repository\org\springframework\boot\spring-boot-starter-jetty\2.6.1\spring-boot-starter-jetty-2.6.1.jar;D:\data\.m2\repository\jakarta\servlet\jakarta.servlet-api\4.0.4\jakarta.servlet-api-4.0.4.jar;D:\data\.m2\repository\jakarta\websocket\jakarta.websocket-api\1.1.2\jakarta.websocket-api-1.1.2.jar;D:\data\.m2\repository\org\apache\tomcat\embed\tomcat-embed-el\9.0.55\tomcat-embed-el-9.0.55.jar;D:\data\.m2\repository\org\eclipse\jetty\jetty-servlets\9.4.44.v20210927\jetty-servlets-9.4.44.v20210927.jar;D:\data\.m2\repository\org\eclipse\jetty\jetty-continuation\9.4.44.v20210927\jetty-continuation-9.4.44.v20210927.jar;D:\data\.m2\repository\org\eclipse\jetty\jetty-http\9.4.44.v20210927\jetty-http-9.4.44.v20210927.jar;D:\data\.m2\repository\org\eclipse\jetty\jetty-util\9.4.44.v20210927\jetty-util-9.4.44.v20210927.jar;D:\data\.m2\repository\org\eclipse\jetty\jetty-io\9.4.44.v20210927\jetty-io-9.4.44.v20210927.jar;D:\data\.m2\repository\org\eclipse\jetty\jetty-webapp\9.4.44.v20210927\jetty-webapp-9.4.44.v20210927.jar;D:\data\.m2\repository\org\eclipse\jetty\jetty-xml\9.4.44.v20210927\jetty-xml-9.4.44.v20210927.jar;D:\data\.m2\repository\org\eclipse\jetty\jetty-servlet\9.4.44.v20210927\jetty-servlet-9.4.44.v20210927.jar;D:\data\.m2\repository\org\eclipse\jetty\jetty-security\9.4.44.v20210927\jetty-security-9.4.44.v20210927.jar;D:\data\.m2\repository\org\eclip
Launcher Type: SUN_STANDARD

[Global flags]
     bool BytecodeVerificationLocal                = false                                     {product} {command line}
     bool BytecodeVerificationRemote               = false                                     {product} {command line}
     intx CICompilerCount                          = 4                                         {product} {ergonomic}
     uint ConcGCThreads                            = 3                                         {product} {ergonomic}
     uint G1ConcRefinementThreads                  = 10                                        {product} {ergonomic}
   size_t G1HeapRegionSize                         = 1048576                                   {product} {ergonomic}
    uintx GCDrainStackTargetSize                   = 64                                        {product} {ergonomic}
   size_t InitialHeapSize                          = 383778816                                 {product} {ergonomic}
     bool ManagementServer                         = true                                      {product} {command line}
   size_t MarkStackSize                            = 4194304                                   {product} {ergonomic}
   size_t MaxHeapSize                              = 6127878144                                {product} {ergonomic}
   size_t MinHeapDeltaBytes                        = 1048576                                   {product} {ergonomic}
    uintx NonNMethodCodeHeapSize                   = 7549744                                {pd product} {ergonomic}
    uintx NonProfiledCodeHeapSize                  = 244108496                              {pd product} {ergonomic}
    uintx ProfiledCodeHeapSize                     = 0                                      {pd product} {ergonomic}
    uintx ReservedCodeCacheSize                    = 251658240                              {pd product} {ergonomic}
     bool SegmentedCodeCache                       = true                                      {product} {ergonomic}
     intx TieredStopAtLevel                        = 1                                         {product} {command line}
     bool UseCompressedClassPointers               = true                                 {lp64_product} {ergonomic}
     bool UseCompressedOops                        = true                                 {lp64_product} {ergonomic}
     bool UseG1GC                                  = true                                      {product} {ergonomic}
     bool UseLargePagesIndividualAllocation        = false                                  {pd product} {ergonomic}

Logging:
Log output configuration:
 #0: stdout all=warning uptime,level,tags
 #1: stderr all=off uptime,level,tags

Environment Variables:
JAVA_HOME=C:\Program Files\Java\jdk1.8.0_202\
PATH=D:\Program Files\Python38\Scripts\;D:\Program Files\Python38\;C:\Windows\system32;C:\Windows;C:\Windows\System32\Wbem;C:\Windows\System32\WindowsPowerShell\v1.0\;C:\Windows\System32\OpenSSH\;C:\Program Files\Java\jdk1.8.0_202\\bin;C:\Program Files\Git\cmd;D:\install\apache-maven-3.6.1-bin\apache-maven-3.6.1\bin;D:\Program Files\nodejs\;D:\install\apache-jmeter-5.6\bin;C:\Program Files\MySQL\MySQL Shell 8.0\bin\;C:\Users\sunchaohe\AppData\Local\Microsoft\WindowsApps;;D:\Program Files\JetBrains\IntelliJ IDEA 2023.2.2\bin;;D:\lls\sunchaohe\AppData\Roaming\npm;D:\Program Files\Microsoft VS Code\bin
USERNAME=sunchaohe
OS=Windows_NT
PROCESSOR_IDENTIFIER=AMD64 Family 25 Model 80 Stepping 0, AuthenticAMD
TMP=C:\Users\SUNCHA~1\AppData\Local\Temp
TEMP=C:\Users\SUNCHA~1\AppData\Local\Temp



---------------  S Y S T E M  ---------------

OS: Windows 10 , 64 bit Build 19041 (10.0.19041.3031)
OS uptime: 1 days 20:38 hours

CPU:total 12 (initial active 12) (12 cores per cpu, 2 threads per core) family 25 model 80 stepping 0 microcode 0x0, cmov, cx8, fxsr, mmx, sse, sse2, sse3, ssse3, sse4.1, sse4.2, popcnt, avx, avx2, aes, clmul, erms, mmxext, 3dnowpref, lzcnt, sse4a, ht, tsc, tscinvbit, tscinv, bmi1, bmi2, adx, sha, fma

Memory: 4k page, system-wide physical 23374M (6236M free)
TotalPageFile size 23374M (AvailPageFile size 235M)
current process WorkingSet (physical memory assigned to process): 19M, peak: 20M
current process commit charge ("private bytes"): 67M, peak: 431M

vm_info: OpenJDK 64-Bit Server VM (11.0.20+8-LTS) for windows-amd64 JRE (Zulu11.66+15-CA) (11.0.20+8-LTS), built on Jul  5 2023 08:04:41 by "zulu_re" with MS VC++ 15.9 (VS2017)

END.
